권현우 2023336242@dgu.co.kr FneI2oTg
성지후 2023818263@dgu.co.kr r%OoGUCZ
한현우 2023874301@dgu.co.kr rYGiXLAG
권지후 2023951208@dgu.co.kr mwdYDUc4
허시우 2023386209@dgu.co.kr fC0tr10Y
오민준 2023743933@dgu.co.kr %ypc2q2g
이현우 2023397462@dgu.co.kr Qh@Cc071
최서준 2023513603@dgu.co.kr KI#G%z8Z
한서진 2023994057@dgu.co.kr AoMcj2Oc
성서준 2023016359@dgu.co.kr DV0&hOvH
한준서 2023891676@dgu.co.kr jwiwc5@*
홍시우 2023355745@dgu.co.kr T3xlNL%@
임지우 2023142404@dgu.co.kr lNlcGJP%
송예빈 2023522228@dgu.co.kr j9@huBHV
송지후 2023860602@dgu.co.kr J22Yke45
박하준 2023854899@dgu.co.kr BBVJ$753
박시우 2023920001@dgu.co.kr IWGsxul%
진시윤 2023199627@dgu.co.kr *jaCa9N!
임민영 2023715430@dgu.co.kr x*$mR5qM
오도준 2023973620@dgu.co.kr 46UR^4gP
강도준 2023251862@dgu.co.kr TWlT%07z
김준서 2023768089@dgu.co.kr px3t%q^t
강유나 2023766442@dgu.co.kr O*0el7wB
권유나 2023706966@dgu.co.kr mUdQzzta
윤세아 2023628555@dgu.co.kr Iz3KyDw5
이유빈 2023551740@dgu.co.kr 3EAA&*GR
한준우 2023455398@dgu.co.kr ExU4o65I
송서연 2023471289@dgu.co.kr pk$Y5QHE
윤예빈 2023434304@dgu.co.kr LyzHeWv^
홍지후 2023251076@dgu.co.kr uu9%D&RA
이유준 2023044017@dgu.co.kr Oj6f6k^R
송지호 2023902308@dgu.co.kr 7i0@Xn16
윤준우 2023858271@dgu.co.kr a4A9@smd
강유준 2023675514@dgu.co.kr W7WmWpyM
최지후 2023878841@dgu.co.kr &Djh%Pr#
임민지 2023522274@dgu.co.kr E@v@MqXk
류시윤 2023523396@dgu.co.kr 03V5Mza5
김예빈 2023662164@dgu.co.kr vdg7HaZB
이지환 2023483819@dgu.co.kr nDVCWD&7
한정훈 2023344264@dgu.co.kr wCGx!X48
강연서 2023252789@dgu.co.kr UcGED@&g
정하준 2023832161@dgu.co.kr n@t6Seed
오윤우 2023738011@dgu.co.kr m&AcUpYD
조서진 2023589890@dgu.co.kr fq&YeaAD
최민영 2023735861@dgu.co.kr uA9Rt2Wz
윤정훈 2023554405@dgu.co.kr pQEvM6b$
신지호 2023957914@dgu.co.kr 6kHp5&Ld
홍현우 2023912307@dgu.co.kr mvlc&S#W
안정훈 2023895035@dgu.co.kr pRNI^uty
허도준 2023379229@dgu.co.kr #rS#sAha
최시윤 2023236191@dgu.co.kr dvksuB&i
강현우 2023950062@dgu.co.kr O&pI90Rq
황유준 2023528669@dgu.co.kr PsgUSeOY
진하준 2023357474@dgu.co.kr x$&aj2le
서서준 2023242872@dgu.co.kr mLtyV^wm
윤지환 2023348889@dgu.co.kr 5PS1Ucdb
송시윤 2023161150@dgu.co.kr u15xmM6R
정소영 2023817915@dgu.co.kr agU6NZYf
정시우 2023286866@dgu.co.kr &g%MDBHD
권준호 2023103554@dgu.co.kr AvJloXg#박민영 2023952299@dgu.co.kr !SsXa*Qa
이연서 2023370720@dgu.co.kr r5RQMWV!
서시우 2023357095@dgu.co.kr w1CasJzp
이지훈 2023414046@dgu.co.kr oSI9Sibu
윤재윤 2023027783@dgu.co.kr O5vrwE9P
황재윤 2023203014@dgu.co.kr 2TrHJB%A
윤재윤 2023164476@dgu.co.kr 1mW^ChK*
박유준 2023187150@dgu.co.kr T%^S8Z0n
오윤서 2023529820@dgu.co.kr wdhTvzWQ
류지환 2023426051@dgu.co.kr Z1ZJAR&U
허하준 2023538489@dgu.co.kr ugnPaeu9
박정훈 2023287775@dgu.co.kr mqaaaLk!
안민지 2023313592@dgu.co.kr RwZRhIbO
진서준 2023291991@dgu.co.kr o@hn5EKP
류시우 2023819970@dgu.co.kr PFRDDZ$H
진윤서 2023342407@dgu.co.kr 8vlYU7PR
이윤우 2023169616@dgu.co.kr XC!RXTm0
김준호 2023880657@dgu.co.kr qSvLbh#0
한연서 2023377065@dgu.co.kr bNa&8sMM
성시윤 2023365580@dgu.co.kr ah6c9qen
정윤서 2023038910@dgu.co.kr N6^TLgqP
강예빈 2023527081@dgu.co.kr 4vkzonof
박지우 2023826665@dgu.co.kr LZ*p0tF5
정유준 2023330433@dgu.co.kr KciuszNV
성지훈 2023544103@dgu.co.kr oxa^Ri*&
최재윤 2023338148@dgu.co.kr pVjKZzBB
신시우 2023805984@dgu.co.kr 75#anW5L
송서연 2023262838@dgu.co.kr fper$Db3
최하준 2023166106@dgu.co.kr WYq7@&iO
윤지후 2023575664@dgu.co.kr nAuTxoc3
최시우 2023649595@dgu.co.kr &xXE44wB
오시윤 2023563940@dgu.co.kr YdR^H6tZ
황시우 2023579739@dgu.co.kr teYiyRDm
조지우 2023666539@dgu.co.kr iM$Jsqqx
윤민준 2023984610@dgu.co.kr Z%2$mNzh
진도윤 2023163369@dgu.co.kr Z%xlYY4^
고지우 2023972513@dgu.co.kr 5ORE$Bzj
송윤서 2023165361@dgu.co.kr 9kqY!r4b
임재윤 2023954586@dgu.co.kr HBfCyHjJ
성윤우 2023073172@dgu.co.kr x^QUzZOo
한유준 2023029789@dgu.co.kr E&R4d$q7
최서진 2023476664@dgu.co.kr 4fb!ApIy
허준호 2023460876@dgu.co.kr bLRRam*3
황유찬 2023505565@dgu.co.kr MbPT9k5E
신세아 2023967452@dgu.co.kr 3fI0DKzp
류하준 2023670624@dgu.co.kr XRjmXPHO
윤서준 2023443774@dgu.co.kr 64&mk1Xk
진현우 2023502318@dgu.co.kr hOVRvcEY
신도윤 2023499549@dgu.co.kr dXMZTBkt
진지우 2023834929@dgu.co.kr wER!VcOE
